Arguments: 
  /usr/local/bin/node /Users/lileyong/.yarn/bin/yarn.js

PATH: 
  /Users/lileyong/.yarn/bin:/Users/lileyong/.config/yarn/global/node_modules/.bin:/usr/local/bin:/usr/bin:/bin:/usr/sbin:/sbin:/Users/lileyong/.yarn/bin:/Users/lileyong/.config/yarn/global/node_modules/.bin

Yarn version: 
  1.22.1

Node version: 
  10.16.0

Platform: 
  darwin x64

Trace: 
  Error: getaddrinfo ENOTFOUND registry.npmjs.org registry.npmjs.org:443
      at GetAddrInfoReqWrap.onlookup [as oncomplete] (dns.js:56:26)

npm manifest: 
  {
      "name": "webpack-config",
      "version": "1.0.0",
      "scripts": {
          "dev": "webpack-dev-server --config ./build/webpack.dev.js",
          "build": "webpack --config ./build/webpack.prod.js",
          "analyze": "webpack --config ./build/webpack.prod.js --env.analyze",
          "eslint": "eslint --ext .js --ext .vue .",
          "eslint:fix": "eslint --fix --ext .js --ext .vue ."
      },
      "dependencies": {
          "vue": "^2.6.10",
          "vue-router": "^3.1.3"
      },
      "devDependencies": {
          "@babel/core": "^7.8.3",
          "@babel/plugin-proposal-decorators": "^7.8.3",
          "autoprefixer": "^9.6.1",
          "babel-eslint": "^10.0.3",
          "babel-loader": "^8.0.6",
          "clean-webpack-plugin": "^3.0.0",
          "css-loader": "^3.2.0",
          "eslint": "^6.8.0",
          "eslint-config-standard": "^14.1.0",
          "eslint-loader": "^3.0.2",
          "eslint-plugin-import": "^2.18.2",
          "eslint-plugin-node": "^10.0.0",
          "eslint-plugin-promise": "^4.2.1",
          "eslint-plugin-standard": "^4.0.1",
          "eslint-plugin-vue": "^6.2.2",
          "file-loader": "^4.2.0",
          "happypack": "^5.0.1",
          "html-webpack-plugin": "^3.2.0",
          "mini-css-extract-plugin": "^0.8.0",
          "node-sass": "^4.13.1",
          "postcss-loader": "^3.0.0",
          "sass-loader": "^8.0.0",
          "style-loader": "^1.0.0",
          "stylus-loader": "^3.0.2",
          "url-loader": "^2.1.0",
          "vue-loader": "^15.7.1",
          "vue-template-compiler": "^2.6.10",
          "webpack": "^4.43.0",
          "webpack-bundle-analyzer": "^3.6.1",
          "webpack-cli": "^3.3.9",
          "webpack-dev-server": "^3.8.1",
          "webpack-merge": "^4.2.2"
      }
  }

yarn manifest: 
  No manifest

Lockfile: 
  No lockfile
